{"C:\\Users\\HP\\OneDrive\\Desktop\\tdd test casess\\script.js": {"path":"C:\\Users\\HP\\OneDrive\\Desktop\\tdd test casess\\script.js","statementMap":{"0":{"start":{"line":3,"column":8},"end":{"line":3,"column":37}},"1":{"start":{"line":4,"column":8},"end":{"line":4,"column":43}},"2":{"start":{"line":5,"column":8},"end":{"line":5,"column":80}},"3":{"start":{"line":6,"column":8},"end":{"line":6,"column":86}},"4":{"start":{"line":10,"column":22},"end":{"line":10,"column":50}},"5":{"start":{"line":11,"column":25},"end":{"line":11,"column":56}},"6":{"start":{"line":13,"column":8},"end":{"line":13,"column":46}},"7":{"start":{"line":14,"column":8},"end":{"line":14,"column":49}},"8":{"start":{"line":16,"column":8},"end":{"line":19,"column":9}},"9":{"start":{"line":17,"column":12},"end":{"line":17,"column":82}},"10":{"start":{"line":18,"column":12},"end":{"line":18,"column":19}},"11":{"start":{"line":21,"column":8},"end":{"line":24,"column":9}},"12":{"start":{"line":22,"column":12},"end":{"line":22,"column":85}},"13":{"start":{"line":23,"column":12},"end":{"line":23,"column":19}},"14":{"start":{"line":26,"column":8},"end":{"line":29,"column":9}},"15":{"start":{"line":27,"column":12},"end":{"line":27,"column":83}},"16":{"start":{"line":28,"column":12},"end":{"line":28,"column":19}},"17":{"start":{"line":31,"column":8},"end":{"line":31,"column":37}},"18":{"start":{"line":35,"column":8},"end":{"line":35,"column":51}},"19":{"start":{"line":39,"column":8},"end":{"line":39,"column":35}},"20":{"start":{"line":44,"column":28},"end":{"line":44,"column":48}},"21":{"start":{"line":45,"column":27},"end":{"line":45,"column":55}},"22":{"start":{"line":46,"column":8},"end":{"line":46,"column":53}},"23":{"start":{"line":50,"column":31},"end":{"line":50,"column":41}},"24":{"start":{"line":51,"column":8},"end":{"line":51,"column":43}},"25":{"start":{"line":55,"column":22},"end":{"line":55,"column":50}},"26":{"start":{"line":56,"column":8},"end":{"line":60,"column":9}},"27":{"start":{"line":57,"column":12},"end":{"line":57,"column":85}},"28":{"start":{"line":59,"column":12},"end":{"line":59,"column":50}},"29":{"start":{"line":64,"column":25},"end":{"line":64,"column":56}},"30":{"start":{"line":65,"column":8},"end":{"line":69,"column":9}},"31":{"start":{"line":66,"column":12},"end":{"line":66,"column":83}},"32":{"start":{"line":68,"column":12},"end":{"line":68,"column":53}},"33":{"start":{"line":73,"column":0},"end":{"line":88,"column":3}},"34":{"start":{"line":74,"column":23},"end":{"line":74,"column":55}},"35":{"start":{"line":75,"column":26},"end":{"line":75,"column":61}},"36":{"start":{"line":76,"column":18},"end":{"line":76,"column":54}},"37":{"start":{"line":78,"column":4},"end":{"line":78,"column":74}},"38":{"start":{"line":79,"column":4},"end":{"line":79,"column":80}},"39":{"start":{"line":81,"column":4},"end":{"line":81,"column":29}},"40":{"start":{"line":83,"column":21},"end":{"line":83,"column":66}},"41":{"start":{"line":84,"column":4},"end":{"line":87,"column":7}},"42":{"start":{"line":85,"column":8},"end":{"line":85,"column":31}},"43":{"start":{"line":86,"column":8},"end":{"line":86,"column":29}},"44":{"start":{"line":90,"column":0},"end":{"line":90,"column":23}}},"fnMap":{"0":{"name":"(anonymous_0)","decl":{"start":{"line":2,"column":4},"end":{"line":2,"column":5}},"loc":{"start":{"line":2,"column":43},"end":{"line":7,"column":5}},"line":2},"1":{"name":"(anonymous_1)","decl":{"start":{"line":9,"column":4},"end":{"line":9,"column":5}},"loc":{"start":{"line":9,"column":19},"end":{"line":32,"column":5}},"line":9},"2":{"name":"(anonymous_2)","decl":{"start":{"line":34,"column":4},"end":{"line":34,"column":5}},"loc":{"start":{"line":34,"column":28},"end":{"line":36,"column":5}},"line":34},"3":{"name":"(anonymous_3)","decl":{"start":{"line":38,"column":4},"end":{"line":38,"column":5}},"loc":{"start":{"line":38,"column":20},"end":{"line":40,"column":5}},"line":38},"4":{"name":"(anonymous_4)","decl":{"start":{"line":43,"column":4},"end":{"line":43,"column":5}},"loc":{"start":{"line":43,"column":24},"end":{"line":47,"column":5}},"line":43},"5":{"name":"(anonymous_5)","decl":{"start":{"line":49,"column":4},"end":{"line":49,"column":5}},"loc":{"start":{"line":49,"column":30},"end":{"line":52,"column":5}},"line":49},"6":{"name":"(anonymous_6)","decl":{"start":{"line":54,"column":4},"end":{"line":54,"column":5}},"loc":{"start":{"line":54,"column":20},"end":{"line":61,"column":5}},"line":54},"7":{"name":"(anonymous_7)","decl":{"start":{"line":63,"column":4},"end":{"line":63,"column":5}},"loc":{"start":{"line":63,"column":23},"end":{"line":70,"column":5}},"line":63},"8":{"name":"(anonymous_8)","decl":{"start":{"line":73,"column":46},"end":{"line":73,"column":47}},"loc":{"start":{"line":73,"column":58},"end":{"line":88,"column":1}},"line":73},"9":{"name":"(anonymous_9)","decl":{"start":{"line":84,"column":39},"end":{"line":84,"column":40}},"loc":{"start":{"line":84,"column":56},"end":{"line":87,"column":5}},"line":84}},"branchMap":{"0":{"loc":{"start":{"line":16,"column":8},"end":{"line":19,"column":9}},"type":"if","locations":[{"start":{"line":16,"column":8},"end":{"line":19,"column":9}},{"start":{},"end":{}}],"line":16},"1":{"loc":{"start":{"line":16,"column":12},"end":{"line":16,"column":43}},"type":"binary-expr","locations":[{"start":{"line":16,"column":12},"end":{"line":16,"column":24}},{"start":{"line":16,"column":28},"end":{"line":16,"column":43}}],"line":16},"2":{"loc":{"start":{"line":21,"column":8},"end":{"line":24,"column":9}},"type":"if","locations":[{"start":{"line":21,"column":8},"end":{"line":24,"column":9}},{"start":{},"end":{}}],"line":21},"3":{"loc":{"start":{"line":26,"column":8},"end":{"line":29,"column":9}},"type":"if","locations":[{"start":{"line":26,"column":8},"end":{"line":29,"column":9}},{"start":{},"end":{}}],"line":26},"4":{"loc":{"start":{"line":46,"column":15},"end":{"line":46,"column":52}},"type":"binary-expr","locations":[{"start":{"line":46,"column":15},"end":{"line":46,"column":26}},{"start":{"line":46,"column":30},"end":{"line":46,"column":52}}],"line":46},"5":{"loc":{"start":{"line":56,"column":8},"end":{"line":60,"column":9}},"type":"if","locations":[{"start":{"line":56,"column":8},"end":{"line":60,"column":9}},{"start":{"line":58,"column":15},"end":{"line":60,"column":9}}],"line":56},"6":{"loc":{"start":{"line":56,"column":12},"end":{"line":56,"column":53}},"type":"binary-expr","locations":[{"start":{"line":56,"column":12},"end":{"line":56,"column":24}},{"start":{"line":56,"column":28},"end":{"line":56,"column":53}}],"line":56},"7":{"loc":{"start":{"line":65,"column":8},"end":{"line":69,"column":9}},"type":"if","locations":[{"start":{"line":65,"column":8},"end":{"line":69,"column":9}},{"start":{"line":67,"column":15},"end":{"line":69,"column":9}}],"line":65},"8":{"loc":{"start":{"line":65,"column":12},"end":{"line":65,"column":62}},"type":"binary-expr","locations":[{"start":{"line":65,"column":12},"end":{"line":65,"column":27}},{"start":{"line":65,"column":31},"end":{"line":65,"column":62}}],"line":65}},"s":{"0":23,"1":23,"2":23,"3":23,"4":8,"5":8,"6":8,"7":8,"8":8,"9":5,"10":5,"11":3,"12":1,"13":1,"14":2,"15":1,"16":1,"17":1,"18":2,"19":1,"20":5,"21":5,"22":5,"23":4,"24":4,"25":2,"26":2,"27":1,"28":1,"29":2,"30":2,"31":1,"32":1,"33":1,"34":5,"35":5,"36":5,"37":5,"38":5,"39":5,"40":5,"41":5,"42":2,"43":2,"44":1},"f":{"0":23,"1":8,"2":2,"3":1,"4":5,"5":4,"6":2,"7":2,"8":5,"9":2},"b":{"0":[5,3],"1":[8,4],"2":[1,2],"3":[1,1],"4":[5,5],"5":[1,1],"6":[2,2],"7":[1,1],"8":[2,2]},"_coverageSchema":"1a1c01bbd47fc00a2c39e90264f33305004495a9","hash":"54b5b178a0cc9a50eedae159f4cf365623005ba7"}
}
