TN:
SF:script.js
FN:2,(anonymous_0)
FN:9,(anonymous_1)
FN:34,(anonymous_2)
FN:38,(anonymous_3)
FN:43,(anonymous_4)
FN:49,(anonymous_5)
FN:54,(anonymous_6)
FN:63,(anonymous_7)
FN:73,(anonymous_8)
FN:84,(anonymous_9)
FNF:10
FNH:10
FNDA:23,(anonymous_0)
FNDA:8,(anonymous_1)
FNDA:2,(anonymous_2)
FNDA:1,(anonymous_3)
FNDA:5,(anonymous_4)
FNDA:4,(anonymous_5)
FNDA:2,(anonymous_6)
FNDA:2,(anonymous_7)
FNDA:5,(anonymous_8)
FNDA:2,(anonymous_9)
DA:3,23
DA:4,23
DA:5,23
DA:6,23
DA:10,8
DA:11,8
DA:13,8
DA:14,8
DA:16,8
DA:17,5
DA:18,5
DA:21,3
DA:22,1
DA:23,1
DA:26,2
DA:27,1
DA:28,1
DA:31,1
DA:35,2
DA:39,1
DA:44,5
DA:45,5
DA:46,5
DA:50,4
DA:51,4
DA:55,2
DA:56,2
DA:57,1
DA:59,1
DA:64,2
DA:65,2
DA:66,1
DA:68,1
DA:73,1
DA:74,5
DA:75,5
DA:76,5
DA:78,5
DA:79,5
DA:81,5
DA:83,5
DA:84,5
DA:85,2
DA:86,2
DA:90,1
LF:45
LH:45
BRDA:16,0,0,5
BRDA:16,0,1,3
BRDA:16,1,0,8
BRDA:16,1,1,4
BRDA:21,2,0,1
BRDA:21,2,1,2
BRDA:26,3,0,1
BRDA:26,3,1,1
BRDA:46,4,0,5
BRDA:46,4,1,5
BRDA:56,5,0,1
BRDA:56,5,1,1
BRDA:56,6,0,2
BRDA:56,6,1,2
BRDA:65,7,0,1
BRDA:65,7,1,1
BRDA:65,8,0,2
BRDA:65,8,1,2
BRF:18
BRH:18
end_of_record
